<?xml version="1.0" encoding="UTF-8"?>
<!-- Generated by org.testng.reporters.JUnitReportReporter -->
<testsuite hostname="LAPTOP-V1I6KK26" failures="0" tests="1" name="testCases.Search" time="7.792" errors="0" timestamp="2022-12-05T14:56:19 CET" skipped="0">
  <testcase classname="testCases.Search" name="nonExistProducts" time="7.792"/>
  <system-out/>
</testsuite> <!-- testCases.Search -->
