<?xml version="1.0" encoding="UTF-8"?>
<!-- Generated by org.testng.reporters.JUnitReportReporter -->
<testsuite hostname="LAPTOP-V1I6KK26" failures="0" tests="3" name="testCases.Login" time="21.608" errors="0" timestamp="2022-11-30T20:03:05 CET" skipped="0">
  <testcase classname="testCases.Login" name="loginWithValidCridentials" time="7.156"/>
  <system-out/>
  <testcase classname="testCases.Login" name="loginWithEmptyPassword" time="7.480"/>
  <system-out/>
  <testcase classname="testCases.Login" name="scrollMethod" time="6.972"/>
  <system-out/>
</testsuite> <!-- testCases.Login -->
