<?xml version="1.0" encoding="UTF-8"?>
<!-- Generated by org.testng.reporters.JUnitReportReporter -->
<testsuite hostname="LAPTOP-V1I6KK26" failures="0" tests="1" name="testCases.EndToEnd" time="17.277" errors="0" timestamp="2022-12-15T16:32:47 CET" skipped="0">
  <testcase classname="testCases.EndToEnd" name="registerWithRandomUserShoppingPrintDocInNewTab" time="17.277"/>
  <system-out/>
</testsuite> <!-- testCases.EndToEnd -->
