<?xml version="1.0" encoding="UTF-8"?>
<!-- Generated by org.testng.reporters.JUnitReportReporter -->
<testsuite hostname="LAPTOP-V1I6KK26" failures="0" tests="4" name="testCases.Wishlist" time="35.251" errors="0" timestamp="2023-01-03T02:53:08 CET" skipped="0">
  <testcase classname="testCases.Wishlist" name="checkAddProductToCartFromWishlist" time="9.095"/>
  <system-out/>
  <testcase classname="testCases.Wishlist" name="checkThePrice" time="7.405"/>
  <system-out/>
  <testcase classname="testCases.Wishlist" name="checkTheShareWishlistFunctionality" time="8.907"/>
  <system-out/>
  <testcase classname="testCases.Wishlist" name="removeAllProductFromWishlist" time="9.844"/>
  <system-out/>
</testsuite> <!-- testCases.Wishlist -->
