<?xml version="1.0" encoding="UTF-8"?>
<!-- Generated by org.testng.reporters.JUnitReportReporter -->
<testsuite hostname="LAPTOP-V1I6KK26" failures="0" tests="1" name="domasno.SearchValidation" time="3.631" errors="0" timestamp="26 Nov 2022 17:15:41 GMT">
  <testcase classname="domasno.SearchValidation" name="searchResultsCheck" time="3.631"/>
</testsuite> <!-- domasno.SearchValidation -->
