<?xml version="1.0" encoding="UTF-8"?>
<!-- Generated by org.testng.reporters.JUnitReportReporter -->
<testsuite hostname="LAPTOP-V1I6KK26" failures="0" tests="4" name="domasno.PLP" time="39.840" errors="0" timestamp="28 Nov 2022 00:54:26 GMT">
  <testcase classname="domasno.PLP" name="verifyAddToWishWistShouldWorkProperly" time="7.924"/>
  <testcase classname="domasno.PLP" name="verifyTheSortingAndDisplayingOptionOnTheProductPageIsWorkingCorrectly" time="10.714"/>
  <testcase classname="domasno.PLP" name="verifyAddToCartShouldWorkProperlyWithAwailibleProducts" time="14.229"/>
  <testcase classname="domasno.PLP" name="ConfirmHPNotebookAndBeFoundInComputersCategoryAndNotebooksSubCategory" time="6.973"/>
</testsuite> <!-- domasno.PLP -->
