<?xml version="1.0" encoding="UTF-8"?>
<!-- Generated by org.testng.reporters.JUnitReportReporter -->
<testsuite hostname="LAPTOP-V1I6KK26" failures="0" tests="2" name="testCases.PDP" time="22.791" errors="0" timestamp="2022-12-19T18:54:35 CET" skipped="0">
  <testcase classname="testCases.PDP" name="checkShareProductFunctionality" time="11.770"/>
  <system-out/>
  <testcase classname="testCases.PDP" name="productReview" time="11.021"/>
  <system-out/>
</testsuite> <!-- testCases.PDP -->
