<?xml version="1.0" encoding="UTF-8"?>
<!-- Generated by org.testng.reporters.JUnitReportReporter -->
<testsuite hostname="LAPTOP-V1I6KK26" failures="0" tests="1" name="testCases.Home" time="10.418" errors="0" timestamp="2022-12-11T19:34:37 CET" skipped="0">
  <testcase classname="testCases.Home" name="scrollToTwiterNavigateAndAssertNewTab" time="10.418"/>
  <system-out/>
</testsuite> <!-- testCases.Home -->
