<?xml version="1.0" encoding="UTF-8"?>
<!-- Generated by org.testng.reporters.JUnitReportReporter -->
<testsuite hostname="LAPTOP-V1I6KK26" failures="0" tests="1" name="testCases.PDP" time="12.884" errors="0" timestamp="2023-01-09T15:31:41 CET" skipped="0">
  <testcase classname="testCases.PDP" name="rentAProduct" time="12.884"/>
  <system-out/>
</testsuite> <!-- testCases.PDP -->
