<?xml version="1.0" encoding="UTF-8"?>
<!-- Generated by org.testng.reporters.JUnitReportReporter -->
<testsuite hostname="LAPTOP-V1I6KK26" failures="0" tests="4" name="testCases.Home" time="29.497" errors="0" timestamp="2023-01-09T15:34:40 CET" skipped="0">
  <testcase classname="testCases.Home" name="screenVideoRecording" time="8.417"/>
  <system-out/>
  <testcase classname="testCases.Home" name="scrollVoteBtn" time="6.227"/>
  <system-out/>
  <testcase classname="testCases.Home" name="screenShotOfFollowUsIcons" time="7.272"/>
  <system-out/>
  <testcase classname="testCases.Home" name="scrollToTwiterNavigateAtoNewTab" time="7.581"/>
  <system-out/>
</testsuite> <!-- testCases.Home -->
