<?xml version="1.0" encoding="UTF-8"?>
<!-- Generated by org.testng.reporters.JUnitReportReporter -->
<testsuite hostname="LAPTOP-V1I6KK26" failures="0" tests="5" name="testCases.vezbi.Alerts" time="20.997" errors="0" timestamp="2022-12-19T17:32:34 CET" skipped="0">
  <testcase classname="testCases.vezbi.Alerts" name="jsAlert" time="5.771"/>
  <system-out/>
  <testcase classname="testCases.vezbi.Alerts" name="jsConfirm" time="4.007"/>
  <system-out/>
  <testcase classname="testCases.vezbi.Alerts" name="jsPromptClickCancel" time="4.530"/>
  <system-out/>
  <testcase classname="testCases.vezbi.Alerts" name="jsPrompt" time="3.466"/>
  <system-out/>
  <testcase classname="testCases.vezbi.Alerts" name="jsConfirmClickCancel" time="3.223"/>
  <system-out/>
</testsuite> <!-- testCases.vezbi.Alerts -->
