<?xml version="1.0" encoding="UTF-8"?>
<!-- Generated by org.testng.reporters.JUnitReportReporter -->
<testsuite hostname="LAPTOP-V1I6KK26" failures="0" tests="4" name="testCases.register" time="32.170" errors="0" timestamp="2023-01-03T02:50:01 CET" skipped="0">
  <testcase classname="testCases.register" name="registerAllFieldsAndDifferentPasswordAndConfrimPassword" time="7.126"/>
  <system-out/>
  <testcase classname="testCases.register" name="registerWithMandatoryFields" time="9.085"/>
  <system-out/>
  <testcase classname="testCases.register" name="registerWithEmptyFields" time="7.513"/>
  <system-out/>
  <testcase classname="testCases.register" name="registerWithRandomEmail" time="8.446"/>
  <system-out/>
</testsuite> <!-- testCases.register -->
