<?xml version="1.0" encoding="UTF-8"?>
<!-- Generated by org.testng.reporters.JUnitReportReporter -->
<testsuite hostname="LAPTOP-V1I6KK26" failures="0" tests="2" name="testCases.Wishlist" time="34.205" errors="0" timestamp="2022-11-30T20:07:46 CET" skipped="0">
  <testcase classname="testCases.Wishlist" name="checkThePrice" time="19.201"/>
  <system-out/>
  <testcase classname="testCases.Wishlist" name="checkAddProductToCartFromWishlist" time="15.004"/>
  <system-out/>
</testsuite> <!-- testCases.Wishlist -->
