<?xml version="1.0" encoding="UTF-8"?>
<!-- Generated by org.testng.reporters.JUnitReportReporter -->
<testsuite hostname="LAPTOP-V1I6KK26" failures="0" tests="1" name="testCases.MyAccount" time="10.946" errors="0" timestamp="2023-01-03T03:11:41 CET" skipped="0">
  <testcase classname="testCases.MyAccount" name="changePassWithNewAndChangeAgainWithPreviously" time="10.946"/>
  <system-out/>
</testsuite> <!-- testCases.MyAccount -->
