<?xml version="1.0" encoding="UTF-8"?>
<!-- Generated by org.testng.reporters.JUnitReportReporter -->
<testsuite hostname="LAPTOP-V1I6KK26" failures="0" tests="3" name="testCases.Search" time="21.345" errors="0" timestamp="2022-12-19T18:55:10 CET" skipped="0">
  <testcase classname="testCases.Search" name="searchValidatio" time="6.471"/>
  <system-out/>
  <testcase classname="testCases.Search" name="nonExistProducts" time="7.946"/>
  <system-out/>
  <testcase classname="testCases.Search" name="userCantSearchWithLessThen2characters" time="6.928"/>
  <system-out/>
</testsuite> <!-- testCases.Search -->
