<?xml version="1.0" encoding="UTF-8"?>
<!-- Generated by org.testng.reporters.JUnitReportReporter -->
<testsuite hostname="LAPTOP-V1I6KK26" failures="0" tests="3" name="testCases.PLP" time="26.173" errors="0" timestamp="2022-11-30T20:05:24 CET" skipped="0">
  <testcase classname="testCases.PLP" name="verifyTheSortingAndDisplayingOptionOnTheProductPageIsWorkingCorrectly" time="9.650"/>
  <system-out/>
  <testcase classname="testCases.PLP" name="ConfirmHPNotebookAndBeFoundInComputersCategoryAndNotebooksSubCategory" time="7.999"/>
  <system-out/>
  <testcase classname="testCases.PLP" name="verifyAddToWishWistShouldWorkProperly" time="8.524"/>
  <system-out/>
</testsuite> <!-- testCases.PLP -->
