<?xml version="1.0" encoding="UTF-8"?>
<!-- Generated by org.testng.reporters.JUnitReportReporter -->
<testsuite hostname="LAPTOP-V1I6KK26" failures="0" tests="5" name="testCases.Alerts" time="17.396" errors="0" timestamp="2022-12-08T17:44:58 CET" skipped="0">
  <testcase classname="testCases.Alerts" name="jsAlert" time="3.117"/>
  <system-out/>
  <testcase classname="testCases.Alerts" name="jsConfirm" time="2.960"/>
  <system-out/>
  <testcase classname="testCases.Alerts" name="jsPromptClickCancel" time="3.251"/>
  <system-out/>
  <testcase classname="testCases.Alerts" name="jsPrompt" time="3.098"/>
  <system-out/>
  <testcase classname="testCases.Alerts" name="jsConfirmClickCancel" time="4.970"/>
  <system-out/>
</testsuite> <!-- testCases.Alerts -->
