<?xml version="1.0" encoding="UTF-8"?>
<!-- Generated by org.testng.reporters.JUnitReportReporter -->
<testsuite hostname="LAPTOP-V1I6KK26" failures="0" tests="2" name="testCases.ShoppingCart" time="21.707" errors="0" timestamp="2022-12-19T18:55:47 CET" skipped="0">
  <testcase classname="testCases.ShoppingCart" name="checkIfThePriceChangesAccordingtheDiscountGivenForProducts" time="11.546"/>
  <system-out/>
  <testcase classname="testCases.ShoppingCart" name="vezbaodcashot" time="10.161"/>
  <system-out/>
</testsuite> <!-- testCases.ShoppingCart -->
