<?xml version="1.0" encoding="UTF-8"?>
<!-- Generated by org.testng.reporters.JUnitReportReporter -->
<testsuite hostname="LAPTOP-V1I6KK26" failures="0" tests="1" name="testCases.LoadingImg" time="13.542" errors="0" timestamp="2022-12-19T17:27:04 CET" skipped="0">
  <testcase classname="testCases.LoadingImg" name="loadingImgAndeGetText" time="13.542"/>
  <system-out/>
</testsuite> <!-- testCases.LoadingImg -->
