<?xml version="1.0" encoding="UTF-8"?>
<!-- Generated by org.testng.reporters.JUnitReportReporter -->
<testsuite hostname="LAPTOP-V1I6KK26" failures="0" tests="5" name="testCases.Login" time="34.346" errors="0" timestamp="2023-01-03T02:51:10 CET" skipped="0">
  <testcase classname="testCases.Login" name="loginWithEmptyFields" time="6.628"/>
  <system-out/>
  <testcase classname="testCases.Login" name="loginWithEmptyEmail" time="6.652"/>
  <system-out/>
  <testcase classname="testCases.Login" name="scrollMethod" time="7.110"/>
  <system-out/>
  <testcase classname="testCases.Login" name="loginWithValidCridentials" time="7.089"/>
  <system-out/>
  <testcase classname="testCases.Login" name="loginWithEmptyPassword" time="6.867"/>
  <system-out/>
</testsuite> <!-- testCases.Login -->
