<?xml version="1.0" encoding="UTF-8"?>
<!-- Generated by org.testng.reporters.JUnitReportReporter -->
<testsuite hostname="LAPTOP-V1I6KK26" failures="0" tests="4" name="testCases.EndToEnd" time="78.062" errors="0" timestamp="2023-01-09T15:37:03 CET" skipped="0">
  <testcase classname="testCases.EndToEnd" name="registerUserShoppingPayWithRandomCreditCartDownloadInvoiceVideo" time="26.263"/>
  <system-out/>
  <testcase classname="testCases.EndToEnd" name="registerWithRandomUserShoppingPrintDocInNewTab" time="16.593"/>
  <system-out/>
  <testcase classname="testCases.EndToEnd" name="userIsRegisterShoppingAndCheckout" time="18.460"/>
  <system-out/>
  <testcase classname="testCases.EndToEnd" name="searchProdoctChekOutLikeAQuest" time="16.746"/>
  <system-out/>
</testsuite> <!-- testCases.EndToEnd -->
