<?xml version="1.0" encoding="UTF-8"?>
<!-- Generated by org.testng.reporters.JUnitReportReporter -->
<testsuite hostname="LAPTOP-V1I6KK26" failures="0" tests="1" name="testCases.Wishlist" time="9.093" errors="0" timestamp="2023-01-09T15:28:43 CET" skipped="0">
  <testcase classname="testCases.Wishlist" name="checkAddProductToCartFromWishlist" time="9.093"/>
  <system-out/>
</testsuite> <!-- testCases.Wishlist -->
