<?xml version="1.0" encoding="UTF-8"?>
<!-- Generated by org.testng.reporters.JUnitReportReporter -->
<testsuite hostname="LAPTOP-V1I6KK26" failures="0" tests="4" name="testCases.Search" time="26.183" errors="0" timestamp="2023-01-03T02:51:43 CET" skipped="0">
  <testcase classname="testCases.Search" name="userCantSearchWithLessThen2characters" time="7.201"/>
  <system-out/>
  <testcase classname="testCases.Search" name="userCantSearchWithEmptySearchField" time="5.644"/>
  <system-out/>
  <testcase classname="testCases.Search" name="searchValidatio" time="6.277"/>
  <system-out/>
  <testcase classname="testCases.Search" name="nonExistProducts" time="7.061"/>
  <system-out/>
</testsuite> <!-- testCases.Search -->
