<?xml version="1.0" encoding="UTF-8"?>
<!-- Generated by org.testng.reporters.JUnitReportReporter -->
<testsuite hostname="LAPTOP-V1I6KK26" failures="0" tests="5" name="testCases.Login" time="37.478" errors="0" timestamp="2023-01-09T15:26:38 CET" skipped="0">
  <testcase classname="testCases.Login" name="loginWithEmptyFields" time="7.334"/>
  <system-out/>
  <testcase classname="testCases.Login" name="loginWithEmptyEmail" time="6.486"/>
  <system-out/>
  <testcase classname="testCases.Login" name="scrollMethod" time="7.648"/>
  <system-out/>
  <testcase classname="testCases.Login" name="loginWithValidCridentials" time="7.835"/>
  <system-out/>
  <testcase classname="testCases.Login" name="loginWithEmptyPassword" time="8.175"/>
  <system-out/>
</testsuite> <!-- testCases.Login -->
