<?xml version="1.0" encoding="UTF-8"?>
<!-- Generated by org.testng.reporters.JUnitReportReporter -->
<testsuite hostname="LAPTOP-V1I6KK26" failures="0" tests="2" name="testCases.Home" time="15.029" errors="0" timestamp="2022-12-19T18:53:14 CET" skipped="0">
  <testcase classname="testCases.Home" name="scrollToTwiterNavigateAtoNewTab" time="8.130"/>
  <system-out/>
  <testcase classname="testCases.Home" name="scrollVoteBtn" time="6.899"/>
  <system-out/>
</testsuite> <!-- testCases.Home -->
