<?xml version="1.0" encoding="UTF-8"?>
<!-- Generated by org.testng.reporters.JUnitReportReporter -->
<testsuite hostname="LAPTOP-V1I6KK26" failures="0" tests="1" name="testCases.VezbataOdChasot6" time="2.815" errors="0" timestamp="2022-12-08T17:25:57 CET" skipped="0">
  <testcase classname="testCases.VezbataOdChasot6" name="vezbaa" time="2.815"/>
  <system-out/>
</testsuite> <!-- testCases.VezbataOdChasot6 -->
