<?xml version="1.0" encoding="UTF-8"?>
<!-- Generated by org.testng.reporters.JUnitReportReporter -->
<testsuite hostname="LAPTOP-V1I6KK26" failures="0" tests="4" name="testCases.Home" time="27.188" errors="0" timestamp="2023-01-03T02:48:46 CET" skipped="0">
  <testcase classname="testCases.Home" name="screenVideoRecording" time="6.581"/>
  <system-out/>
  <testcase classname="testCases.Home" name="scrollVoteBtn" time="7.033"/>
  <system-out/>
  <testcase classname="testCases.Home" name="screenShotOfFollowUsIcons" time="6.253"/>
  <system-out/>
  <testcase classname="testCases.Home" name="scrollToTwiterNavigateAtoNewTab" time="7.321"/>
  <system-out/>
</testsuite> <!-- testCases.Home -->
