<?xml version="1.0" encoding="UTF-8"?>
<!-- Generated by org.testng.reporters.JUnitReportReporter -->
<testsuite hostname="LAPTOP-V1I6KK26" failures="0" tests="4" name="testCases.PLP" time="33.849" errors="0" timestamp="2023-01-03T02:52:25 CET" skipped="0">
  <testcase classname="testCases.PLP" name="ConfirmHPNotebookAndBeFoundInComputersCategoryAndNotebooksSubCategory" time="7.531"/>
  <system-out/>
  <testcase classname="testCases.PLP" name="compareTwoProducts" time="11.135"/>
  <system-out/>
  <testcase classname="testCases.PLP" name="verifyAddToWishWistShouldWorkProperly" time="6.817"/>
  <system-out/>
  <testcase classname="testCases.PLP" name="verifyTheSortingAndDisplayingOptionOnTheProductPageIsWorkingCorrectly" time="8.366"/>
  <system-out/>
</testsuite> <!-- testCases.PLP -->
