<?xml version="1.0" encoding="UTF-8"?>
<!-- Generated by org.testng.reporters.JUnitReportReporter -->
<testsuite hostname="LAPTOP-V1I6KK26" failures="0" tests="4" name="testCases.EndToEnd" time="66.206" errors="0" timestamp="2023-01-03T03:08:18 CET" skipped="0">
  <testcase classname="testCases.EndToEnd" name="userIsRegisterShoppingAndCheckout" time="14.081"/>
  <system-out/>
  <testcase classname="testCases.EndToEnd" name="registerWithRandomUserShoppingPrintDocInNewTab" time="14.098"/>
  <system-out/>
  <testcase classname="testCases.EndToEnd" name="searchProdoctChekOutLikeAQuest" time="12.463"/>
  <system-out/>
  <testcase classname="testCases.EndToEnd" name="registerUserShoppingPayWithRandomCreditCartDownloadInvoiceVideo" time="25.564"/>
  <system-out/>
</testsuite> <!-- testCases.EndToEnd -->
