<?xml version="1.0" encoding="UTF-8"?>
<!-- Generated by org.testng.reporters.JUnitReportReporter -->
<testsuite hostname="LAPTOP-V1I6KK26" failures="0" tests="1" name="testCases.Wishlist" time="21.230" errors="0" timestamp="2022-12-19T18:58:58 CET" skipped="0">
  <testcase classname="testCases.Wishlist" name="checkThePrice" time="21.230"/>
  <system-out/>
</testsuite> <!-- testCases.Wishlist -->
