<?xml version="1.0" encoding="UTF-8"?>
<!-- Generated by org.testng.reporters.JUnitReportReporter -->
<testsuite hostname="LAPTOP-V1I6KK26" failures="0" tests="3" name="testCases.Login" time="23.197" errors="0" timestamp="2022-12-19T18:52:25 CET" skipped="0">
  <testcase classname="testCases.Login" name="loginWithValidCridentials" time="7.248"/>
  <system-out/>
  <testcase classname="testCases.Login" name="scrollMethod" time="8.087"/>
  <system-out/>
  <testcase classname="testCases.Login" name="loginWithEmptyPassword" time="7.862"/>
  <system-out/>
</testsuite> <!-- testCases.Login -->
