<?xml version="1.0" encoding="UTF-8"?>
<!-- Generated by org.testng.reporters.JUnitReportReporter -->
<testsuite hostname="LAPTOP-V1I6KK26" failures="0" tests="1" name="testCases.EndToEnd" time="16.639" errors="0" timestamp="2022-12-20T19:36:44 CET" skipped="0">
  <testcase classname="testCases.EndToEnd" name="searchProdoctChekOutLikeAQuest" time="16.639"/>
  <system-out/>
</testsuite> <!-- testCases.EndToEnd -->
