<?xml version="1.0" encoding="UTF-8"?>
<!-- Generated by org.testng.reporters.JUnitReportReporter -->
<testsuite hostname="LAPTOP-V1I6KK26" failures="0" tests="2" name="testCases.PDP" time="19.658" errors="0" timestamp="2022-11-30T20:04:49 CET" skipped="0">
  <testcase classname="testCases.PDP" name="productReview" time="8.833"/>
  <system-out/>
  <testcase classname="testCases.PDP" name="checkShareProductFunctionality" time="10.825"/>
  <system-out/>
</testsuite> <!-- testCases.PDP -->
