<?xml version="1.0" encoding="UTF-8"?>
<!-- Generated by org.testng.reporters.JUnitReportReporter -->
<testsuite hostname="LAPTOP-V1I6KK26" failures="0" tests="4" name="testCases.Search" time="28.155" errors="0" timestamp="2023-01-09T15:27:13 CET" skipped="0">
  <testcase classname="testCases.Search" name="userCantSearchWithLessThen2characters" time="7.824"/>
  <system-out/>
  <testcase classname="testCases.Search" name="userCantSearchWithEmptySearchField" time="6.032"/>
  <system-out/>
  <testcase classname="testCases.Search" name="searchValidatio" time="7.374"/>
  <system-out/>
  <testcase classname="testCases.Search" name="nonExistProducts" time="6.925"/>
  <system-out/>
</testsuite> <!-- testCases.Search -->
