<?xml version="1.0" encoding="UTF-8"?>
<!-- Generated by org.testng.reporters.JUnitReportReporter -->
<testsuite hostname="LAPTOP-V1I6KK26" failures="0" tests="4" name="testCases.PDP" time="37.412" errors="0" timestamp="2023-01-03T02:55:53 CET" skipped="0">
  <testcase classname="testCases.PDP" name="testSocialSharringButton" time="10.927"/>
  <system-out/>
  <testcase classname="testCases.PDP" name="productReview" time="8.191"/>
  <system-out/>
  <testcase classname="testCases.PDP" name="downloadSampleFromPDP" time="8.705"/>
  <system-out/>
  <testcase classname="testCases.PDP" name="checkShareProductFunctionality" time="9.589"/>
  <system-out/>
</testsuite> <!-- testCases.PDP -->
