<?xml version="1.0" encoding="UTF-8"?>
<!-- Generated by org.testng.reporters.JUnitReportReporter -->
<testsuite hostname="LAPTOP-V1I6KK26" failures="0" tests="1" name="testCases.register" time="13.803" errors="0" timestamp="2022-12-20T17:47:40 CET" skipped="0">
  <testcase classname="testCases.register" name="registerWithRandomEmail" time="13.803"/>
  <system-out/>
</testsuite> <!-- testCases.register -->
