<?xml version="1.0" encoding="UTF-8"?>
<!-- Generated by org.testng.reporters.JUnitReportReporter -->
<testsuite hostname="LAPTOP-V1I6KK26" failures="0" tests="3" name="domasno.PDP" time="24.002" errors="0" timestamp="28 Nov 2022 00:53:24 GMT">
  <testcase classname="domasno.PDP" name="checkShareProductFunctionality" time="9.788"/>
  <testcase classname="domasno.PDP" name="OpenProductDetailsForAProduct" time="7.397"/>
  <testcase classname="domasno.PDP" name="productReview" time="6.817"/>
</testsuite> <!-- domasno.PDP -->
