<?xml version="1.0" encoding="UTF-8"?>
<!-- Generated by org.testng.reporters.JUnitReportReporter -->
<testsuite hostname="LAPTOP-V1I6KK26" failures="0" tests="3" name="testCases.PLP" time="29.848" errors="0" timestamp="2022-12-19T18:53:57 CET" skipped="0">
  <testcase classname="testCases.PLP" name="ConfirmHPNotebookAndBeFoundInComputersCategoryAndNotebooksSubCategory" time="9.373"/>
  <system-out/>
  <testcase classname="testCases.PLP" name="verifyAddToWishWistShouldWorkProperly" time="9.971"/>
  <system-out/>
  <testcase classname="testCases.PLP" name="verifyTheSortingAndDisplayingOptionOnTheProductPageIsWorkingCorrectly" time="10.504"/>
  <system-out/>
</testsuite> <!-- testCases.PLP -->
