<?xml version="1.0" encoding="UTF-8"?>
<!-- Generated by org.testng.reporters.JUnitReportReporter -->
<testsuite hostname="LAPTOP-V1I6KK26" failures="0" tests="5" name="testCases.register" time="49.366" errors="0" timestamp="2023-01-09T15:25:46 CET" skipped="0">
  <testcase classname="testCases.register" name="registerAllFieldsAndDifferentPasswordAndConfrimPassword" time="8.358"/>
  <system-out/>
  <testcase classname="testCases.register" name="registerWithEmptyFields" time="8.123"/>
  <system-out/>
  <testcase classname="testCases.register" name="registerWithRandomEmailAndRandomDateOfBirth" time="9.862"/>
  <system-out/>
  <testcase classname="testCases.register" name="registerWithMandatoryFields" time="12.194"/>
  <system-out/>
  <testcase classname="testCases.register" name="registerWithRandomEmail" time="10.829"/>
  <system-out/>
</testsuite> <!-- testCases.register -->
