<?xml version="1.0" encoding="UTF-8"?>
<!-- Generated by org.testng.reporters.JUnitReportReporter -->
<testsuite hostname="LAPTOP-V1I6KK26" failures="0" tests="1" name="testCases.register" time="9.725" errors="0" timestamp="2022-12-15T15:12:01 CET" skipped="0">
  <testcase classname="testCases.register" name="registerWithRandomEmail" time="9.725"/>
  <system-out/>
</testsuite> <!-- testCases.register -->
