<?xml version="1.0" encoding="UTF-8"?>
<!-- Generated by org.testng.reporters.JUnitReportReporter -->
<testsuite hostname="LAPTOP-V1I6KK26" failures="0" tests="1" name="testCases.Frames" time="3.272" errors="0" timestamp="2022-12-09T16:02:11 CET" skipped="0">
  <testcase classname="testCases.Frames" name="frameToFrame" time="3.272"/>
  <system-out/>
</testsuite> <!-- testCases.Frames -->
