<?xml version="1.0" encoding="UTF-8"?>
<!-- Generated by org.testng.reporters.JUnitReportReporter -->
<testsuite hostname="LAPTOP-V1I6KK26" failures="0" tests="1" name="testCases.ShoppingCart" time="11.035" errors="0" timestamp="2022-12-19T17:28:40 CET" skipped="0">
  <testcase classname="testCases.ShoppingCart" name="vezbaodcashot" time="11.035"/>
  <system-out/>
</testsuite> <!-- testCases.ShoppingCart -->
