<?xml version="1.0" encoding="UTF-8"?>
<!-- Generated by org.testng.reporters.JUnitReportReporter -->
<testsuite hostname="LAPTOP-V1I6KK26" failures="0" tests="4" name="testCases.MyAccount" time="52.820" errors="0" timestamp="2023-01-09T15:35:38 CET" skipped="0">
  <testcase classname="testCases.MyAccount" name="checkIfOrdersAreListedInMyaccOrdersSection" time="19.648"/>
  <system-out/>
  <testcase classname="testCases.MyAccount" name="changePassWithNewPass" time="8.082"/>
  <system-out/>
  <testcase classname="testCases.MyAccount" name="changeAemailAdress" time="11.113"/>
  <system-out/>
  <testcase classname="testCases.MyAccount" name="changePassWithNewAndChangeAgainWithPreviously" time="13.977"/>
  <system-out/>
</testsuite> <!-- testCases.MyAccount -->
