<?xml version="1.0" encoding="UTF-8"?>
<!-- Generated by org.testng.reporters.JUnitReportReporter -->
<testsuite hostname="LAPTOP-V1I6KK26" failures="0" tests="4" name="testCases.PLP" time="39.602" errors="0" timestamp="2023-01-09T15:29:33 CET" skipped="0">
  <testcase classname="testCases.PLP" name="ConfirmHPNotebookAndBeFoundInComputersCategoryAndNotebooksSubCategory" time="8.691"/>
  <system-out/>
  <testcase classname="testCases.PLP" name="verifyTheSortingAndDisplayingOptionOnTheProductPageIsWorkingCorrectly" time="10.546"/>
  <system-out/>
  <testcase classname="testCases.PLP" name="verifyAddToWishWistShouldWorkProperly" time="7.706"/>
  <system-out/>
  <testcase classname="testCases.PLP" name="compareTwoProducts" time="12.659"/>
  <system-out/>
</testsuite> <!-- testCases.PLP -->
