<?xml version="1.0" encoding="UTF-8"?>
<!-- Generated by org.testng.reporters.JUnitReportReporter -->
<testsuite hostname="LAPTOP-V1I6KK26" failures="0" tests="1" name="testCases.vezbi.Alerts" time="5.628" errors="0" timestamp="2022-12-27T00:36:48 CET" skipped="0">
  <testcase classname="testCases.vezbi.Alerts" name="jsAlert" time="5.628"/>
  <system-out/>
</testsuite> <!-- testCases.vezbi.Alerts -->
